  1 : text=@int@, class=@Keyword@, type=@Int@, line=1, srcF=@""@, srcL=1
  2 : text=@x@, class=@Identifier@, type=@Identifier@, line=1, srcF=@""@, srcL=1
  3 : text=@=@, class=@Operator@, type=@Assign@, line=1, srcF=@""@, srcL=1
  4 : text=@' '@, class=@Constant@, type=@CharacterConstant@, line=1, srcF=@""@, srcL=1
  5 : text=@;@, class=@Operator@, type=@SemiColon@, line=1, srcF=@""@, srcL=1
Read 5 lines from file 'test-data/ref/char-4.run.out'
  1 : text=@int@, class=@Keyword@, type=@TInt@, line=1, srcF=@""@, srcL=1
  2 : text=@x@, class=@Identifier@, type=@TIdentifier@, line=1, srcF=@""@, srcL=1
  3 : text=@=@, class=@Operator@, type=@TAssign@, line=1, srcF=@""@, srcL=1
Warning: missing closing quotation mark on line 4
  4 : text=@' Invalid TInvalid 1 "" 1@, class=@@, type=@@, line=-1, srcF=@@, srcL=-1
Warning: missing closing quotation mark on line 5
  5 : text=@' Invalid TInvalid 1 "" 1@, class=@@, type=@@, line=-1, srcF=@@, srcL=-1
  6 : text=@;@, class=@Operator@, type=@TSemicolon@, line=1, srcF=@""@, srcL=1
Read 6 lines from file 'output/rbw14/char-4.run.out'
Reference: 5 lines, Got: 6 lines.
Token 4 : Expected text @' '@
Token 4 : Expected class @Constant@, got @@
Token 4 : line number is reported as -1
Token 4 : Expected sourceFile @""@@, got @@
Token 4 : Expected sourceLine 1, got -1
Token 5 : Expected text @;@
Token 5 : Expected class @Operator@, got @@
Token 5 : line number is reported as -1
Token 5 : Expected sourceFile @""@@, got @@
Token 5 : Expected sourceLine 1, got -1
    User,             Test, Tokens,   Text,  Class,   Type, LineNo, SrcFil, SrcLin
   rbw14,           char-4,      5,   60.0,   60.0,  100.0,   60.0,   60.0,   60.0
