int Keyword TInt 2 "" 2
f Identifier TIdentifier 2 "" 2
( Operator TOpenBracket 2 "" 2
) Operator TCloseBracket 2 "" 2
{ Operator TOpenCurlyBrace 3 "" 3
int Keyword TInt 4 "" 4
x Identifier TIdentifier 4 "" 4
= Operator TAssign 4 "" 4
0 Constant TDecInteger 4 "" 4
+ Operator TPlus 4 "" 4
0 Constant TDecInteger 4 "" 4
; Operator TSemicolon 4 "" 4
int Keyword TInt 5 "" 5
u Constant TDecInteger 5 "" 5
= Operator TAssign 5 "" 5
x Identifier TIdentifier 5 "" 5
- Operator TMinus 5 "" 5
x Identifier TIdentifier 5 "" 5
; Operator TSemicolon 5 "" 5
int Keyword TInt 6 "" 6
z Identifier TIdentifier 6 "" 6
= Operator TAssign 6 "" 6
u Constant TDecInteger 6 "" 6
* Operator TStar 6 "" 6
u Constant TDecInteger 6 "" 6
; Operator TSemicolon 6 "" 6
int Keyword TInt 7 "" 7
y Identifier TIdentifier 7 "" 7
= Operator TAssign 7 "" 7
z Identifier TIdentifier 7 "" 7
/ Operator TSlash 7 "" 7
x Identifier TIdentifier 7 "" 7
; Operator TSemicolon 7 "" 7
return Keyword TReturn 8 "" 8
y Identifier TIdentifier 8 "" 8
; Operator TSemicolon 8 "" 8
} Operator TCloseCurlyBrace 9 "" 9
