  1 : text=@int@, class=@Keyword@, type=@Int@, line=2, srcF=@""@, srcL=2
  2 : text=@main@, class=@Identifier@, type=@Identifier@, line=2, srcF=@""@, srcL=2
  3 : text=@(@, class=@Operator@, type=@ParenLeft@, line=2, srcF=@""@, srcL=2
  4 : text=@)@, class=@Operator@, type=@ParenRight@, line=2, srcF=@""@, srcL=2
  5 : text=@{@, class=@Operator@, type=@CurlyLeft@, line=3, srcF=@""@, srcL=3
  6 : text=@int@, class=@Keyword@, type=@Int@, line=5, srcF=@""@, srcL=5
  7 : text=@x@, class=@Identifier@, type=@Identifier@, line=5, srcF=@""@, srcL=5
  8 : text=@=@, class=@Operator@, type=@Assign@, line=5, srcF=@""@, srcL=5
  9 : text=@10@, class=@Constant@, type=@IntegerConstant@, line=5, srcF=@""@, srcL=5
  10 : text=@;@, class=@Operator@, type=@SemiColon@, line=5, srcF=@""@, srcL=5
  11 : text=@x@, class=@Identifier@, type=@Identifier@, line=6, srcF=@""@, srcL=6
  12 : text=@+=@, class=@Operator@, type=@AssignPlus@, line=6, srcF=@""@, srcL=6
  13 : text=@11@, class=@Constant@, type=@IntegerConstant@, line=6, srcF=@""@, srcL=6
  14 : text=@;@, class=@Operator@, type=@SemiColon@, line=6, srcF=@""@, srcL=6
  15 : text=@x@, class=@Identifier@, type=@Identifier@, line=6, srcF=@""@, srcL=6
  16 : text=@-=@, class=@Operator@, type=@AssignMinus@, line=6, srcF=@""@, srcL=6
  17 : text=@12@, class=@Constant@, type=@IntegerConstant@, line=6, srcF=@""@, srcL=6
  18 : text=@;@, class=@Operator@, type=@SemiColon@, line=6, srcF=@""@, srcL=6
  19 : text=@x@, class=@Identifier@, type=@Identifier@, line=6, srcF=@""@, srcL=6
  20 : text=@*=@, class=@Operator@, type=@AssignMultiply@, line=6, srcF=@""@, srcL=6
  21 : text=@13@, class=@Constant@, type=@IntegerConstant@, line=6, srcF=@""@, srcL=6
  22 : text=@;@, class=@Operator@, type=@SemiColon@, line=6, srcF=@""@, srcL=6
  23 : text=@x@, class=@Identifier@, type=@Identifier@, line=6, srcF=@""@, srcL=6
  24 : text=@/=@, class=@Operator@, type=@DivideEquals@, line=6, srcF=@""@, srcL=6
  25 : text=@14@, class=@Constant@, type=@IntegerConstant@, line=6, srcF=@""@, srcL=6
  26 : text=@;@, class=@Operator@, type=@SemiColon@, line=6, srcF=@""@, srcL=6
  27 : text=@}@, class=@Operator@, type=@CurlyRight@, line=8, srcF=@""@, srcL=8
Read 27 lines from file 'test-data/ref/expr-4.run.out'
  1 : text=@int@, class=@Keyword@, type=@TInt@, line=2, srcF=@""@, srcL=2
  2 : text=@main@, class=@Identifier@, type=@TIdentifier@, line=2, srcF=@""@, srcL=2
  3 : text=@(@, class=@Operator@, type=@TOpenBracket@, line=2, srcF=@""@, srcL=2
  4 : text=@)@, class=@Operator@, type=@TCloseBracket@, line=2, srcF=@""@, srcL=2
  5 : text=@{@, class=@Operator@, type=@TOpenCurlyBrace@, line=3, srcF=@""@, srcL=3
  6 : text=@int@, class=@Keyword@, type=@TInt@, line=5, srcF=@""@, srcL=5
  7 : text=@x@, class=@Identifier@, type=@TIdentifier@, line=5, srcF=@""@, srcL=5
  8 : text=@=@, class=@Operator@, type=@TAssign@, line=5, srcF=@""@, srcL=5
  9 : text=@10@, class=@Constant@, type=@TDecInteger@, line=5, srcF=@""@, srcL=5
  10 : text=@;@, class=@Operator@, type=@TSemicolon@, line=5, srcF=@""@, srcL=5
  11 : text=@x@, class=@Identifier@, type=@TIdentifier@, line=6, srcF=@""@, srcL=6
  12 : text=@+=@, class=@Operator@, type=@TPlusEquals@, line=6, srcF=@""@, srcL=6
  13 : text=@11@, class=@Constant@, type=@TDecInteger@, line=6, srcF=@""@, srcL=6
  14 : text=@;@, class=@Operator@, type=@TSemicolon@, line=6, srcF=@""@, srcL=6
  15 : text=@x@, class=@Identifier@, type=@TIdentifier@, line=6, srcF=@""@, srcL=6
  16 : text=@-=@, class=@Operator@, type=@TMinusEquals@, line=6, srcF=@""@, srcL=6
  17 : text=@12@, class=@Constant@, type=@TDecInteger@, line=6, srcF=@""@, srcL=6
  18 : text=@;@, class=@Operator@, type=@TSemicolon@, line=6, srcF=@""@, srcL=6
  19 : text=@x@, class=@Identifier@, type=@TIdentifier@, line=6, srcF=@""@, srcL=6
  20 : text=@*=@, class=@Operator@, type=@TStarEquals@, line=6, srcF=@""@, srcL=6
  21 : text=@13@, class=@Constant@, type=@TDecInteger@, line=6, srcF=@""@, srcL=6
  22 : text=@;@, class=@Operator@, type=@TSemicolon@, line=6, srcF=@""@, srcL=6
  23 : text=@x@, class=@Identifier@, type=@TIdentifier@, line=6, srcF=@""@, srcL=6
  24 : text=@/=@, class=@Operator@, type=@TSlashEquals@, line=6, srcF=@""@, srcL=6
  25 : text=@14@, class=@Constant@, type=@TDecInteger@, line=6, srcF=@""@, srcL=6
  26 : text=@;@, class=@Operator@, type=@TSemicolon@, line=6, srcF=@""@, srcL=6
  27 : text=@}@, class=@Operator@, type=@TCloseCurlyBrace@, line=8, srcF=@""@, srcL=8
Read 27 lines from file 'output/rbw14/expr-4.run.out'
Reference: 27 lines, Got: 27 lines.
    User,             Test, Tokens,   Text,  Class,   Type, LineNo, SrcFil, SrcLin
   rbw14,           expr-4,     27,  100.0,  100.0,  100.0,  100.0,  100.0,  100.0
