  1 : text=@int@, class=@Keyword@, type=@Int@, line=2, srcF=@""@, srcL=2
  2 : text=@main@, class=@Identifier@, type=@Identifier@, line=2, srcF=@""@, srcL=2
  3 : text=@(@, class=@Operator@, type=@ParenLeft@, line=2, srcF=@""@, srcL=2
  4 : text=@)@, class=@Operator@, type=@ParenRight@, line=2, srcF=@""@, srcL=2
  5 : text=@{@, class=@Operator@, type=@CurlyLeft@, line=3, srcF=@""@, srcL=3
  6 : text=@int@, class=@Keyword@, type=@Int@, line=5, srcF=@""@, srcL=5
  7 : text=@xx@, class=@Identifier@, type=@Identifier@, line=5, srcF=@""@, srcL=5
  8 : text=@=@, class=@Operator@, type=@Assign@, line=5, srcF=@""@, srcL=5
  9 : text=@10@, class=@Constant@, type=@IntegerConstant@, line=5, srcF=@""@, srcL=5
  10 : text=@;@, class=@Operator@, type=@SemiColon@, line=5, srcF=@""@, srcL=5
  11 : text=@xx@, class=@Identifier@, type=@Identifier@, line=7, srcF=@""@, srcL=7
  12 : text=@++@, class=@Operator@, type=@Increment@, line=7, srcF=@""@, srcL=7
  13 : text=@;@, class=@Operator@, type=@SemiColon@, line=7, srcF=@""@, srcL=7
  14 : text=@--@, class=@Operator@, type=@Decrement@, line=8, srcF=@""@, srcL=8
  15 : text=@xx@, class=@Identifier@, type=@Identifier@, line=8, srcF=@""@, srcL=8
  16 : text=@;@, class=@Operator@, type=@SemiColon@, line=8, srcF=@""@, srcL=8
  17 : text=@++@, class=@Operator@, type=@Increment@, line=9, srcF=@""@, srcL=9
  18 : text=@xx@, class=@Identifier@, type=@Identifier@, line=9, srcF=@""@, srcL=9
  19 : text=@;@, class=@Operator@, type=@SemiColon@, line=9, srcF=@""@, srcL=9
  20 : text=@--@, class=@Operator@, type=@Decrement@, line=9, srcF=@""@, srcL=9
  21 : text=@xx@, class=@Identifier@, type=@Identifier@, line=9, srcF=@""@, srcL=9
  22 : text=@;@, class=@Operator@, type=@SemiColon@, line=9, srcF=@""@, srcL=9
  23 : text=@}@, class=@Operator@, type=@CurlyRight@, line=11, srcF=@""@, srcL=11
Read 23 lines from file 'test-data/ref/expr-7.run.out'
  1 : text=@int@, class=@Keyword@, type=@TInt@, line=2, srcF=@""@, srcL=2
  2 : text=@main@, class=@Identifier@, type=@TIdentifier@, line=2, srcF=@""@, srcL=2
  3 : text=@(@, class=@Operator@, type=@TOpenBracket@, line=2, srcF=@""@, srcL=2
  4 : text=@)@, class=@Operator@, type=@TCloseBracket@, line=2, srcF=@""@, srcL=2
  5 : text=@{@, class=@Operator@, type=@TOpenCurlyBrace@, line=3, srcF=@""@, srcL=3
  6 : text=@int@, class=@Keyword@, type=@TInt@, line=5, srcF=@""@, srcL=5
  7 : text=@xx@, class=@Identifier@, type=@TIdentifier@, line=5, srcF=@""@, srcL=5
  8 : text=@=@, class=@Operator@, type=@TAssign@, line=5, srcF=@""@, srcL=5
  9 : text=@10@, class=@Constant@, type=@TDecInteger@, line=5, srcF=@""@, srcL=5
  10 : text=@;@, class=@Operator@, type=@TSemicolon@, line=5, srcF=@""@, srcL=5
  11 : text=@xx@, class=@Identifier@, type=@TIdentifier@, line=7, srcF=@""@, srcL=7
  12 : text=@++@, class=@Operator@, type=@TIncrement@, line=7, srcF=@""@, srcL=7
  13 : text=@;@, class=@Operator@, type=@TSemicolon@, line=7, srcF=@""@, srcL=7
  14 : text=@--@, class=@Operator@, type=@TDecrement@, line=8, srcF=@""@, srcL=8
  15 : text=@xx@, class=@Identifier@, type=@TIdentifier@, line=8, srcF=@""@, srcL=8
  16 : text=@;@, class=@Operator@, type=@TSemicolon@, line=8, srcF=@""@, srcL=8
  17 : text=@++@, class=@Operator@, type=@TIncrement@, line=9, srcF=@""@, srcL=9
  18 : text=@xx@, class=@Identifier@, type=@TIdentifier@, line=9, srcF=@""@, srcL=9
  19 : text=@;@, class=@Operator@, type=@TSemicolon@, line=9, srcF=@""@, srcL=9
  20 : text=@--@, class=@Operator@, type=@TDecrement@, line=9, srcF=@""@, srcL=9
  21 : text=@xx@, class=@Identifier@, type=@TIdentifier@, line=9, srcF=@""@, srcL=9
  22 : text=@;@, class=@Operator@, type=@TSemicolon@, line=9, srcF=@""@, srcL=9
  23 : text=@}@, class=@Operator@, type=@TCloseCurlyBrace@, line=11, srcF=@""@, srcL=11
Read 23 lines from file 'output/rbw14/expr-7.run.out'
Reference: 23 lines, Got: 23 lines.
    User,             Test, Tokens,   Text,  Class,   Type, LineNo, SrcFil, SrcLin
   rbw14,           expr-7,     23,  100.0,  100.0,  100.0,  100.0,  100.0,  100.0
