  1 : text=@int@, class=@Keyword@, type=@Int@, line=2, srcF=@""@, srcL=2
  2 : text=@main@, class=@Identifier@, type=@Identifier@, line=2, srcF=@""@, srcL=2
  3 : text=@(@, class=@Operator@, type=@ParenLeft@, line=2, srcF=@""@, srcL=2
  4 : text=@)@, class=@Operator@, type=@ParenRight@, line=2, srcF=@""@, srcL=2
  5 : text=@{@, class=@Operator@, type=@CurlyLeft@, line=3, srcF=@""@, srcL=3
  6 : text=@int@, class=@Keyword@, type=@Int@, line=5, srcF=@""@, srcL=5
  7 : text=@xx@, class=@Identifier@, type=@Identifier@, line=5, srcF=@""@, srcL=5
  8 : text=@=@, class=@Operator@, type=@Assign@, line=5, srcF=@""@, srcL=5
  9 : text=@10@, class=@Constant@, type=@IntegerConstant@, line=5, srcF=@""@, srcL=5
  10 : text=@;@, class=@Operator@, type=@SemiColon@, line=5, srcF=@""@, srcL=5
  11 : text=@xx@, class=@Identifier@, type=@Identifier@, line=7, srcF=@""@, srcL=7
  12 : text=@=@, class=@Operator@, type=@Assign@, line=7, srcF=@""@, srcL=7
  13 : text=@+@, class=@Operator@, type=@Plus@, line=7, srcF=@""@, srcL=7
  14 : text=@++@, class=@Operator@, type=@Increment@, line=7, srcF=@""@, srcL=7
  15 : text=@xx@, class=@Identifier@, type=@Identifier@, line=7, srcF=@""@, srcL=7
  16 : text=@;@, class=@Operator@, type=@SemiColon@, line=7, srcF=@""@, srcL=7
  17 : text=@xx@, class=@Identifier@, type=@Identifier@, line=8, srcF=@""@, srcL=8
  18 : text=@=@, class=@Operator@, type=@Assign@, line=8, srcF=@""@, srcL=8
  19 : text=@+@, class=@Operator@, type=@Plus@, line=8, srcF=@""@, srcL=8
  20 : text=@xx@, class=@Identifier@, type=@Identifier@, line=8, srcF=@""@, srcL=8
  21 : text=@++@, class=@Operator@, type=@Increment@, line=8, srcF=@""@, srcL=8
  22 : text=@;@, class=@Operator@, type=@SemiColon@, line=8, srcF=@""@, srcL=8
  23 : text=@xx@, class=@Identifier@, type=@Identifier@, line=9, srcF=@""@, srcL=9
  24 : text=@=@, class=@Operator@, type=@Assign@, line=9, srcF=@""@, srcL=9
  25 : text=@-@, class=@Operator@, type=@Minus@, line=9, srcF=@""@, srcL=9
  26 : text=@++@, class=@Operator@, type=@Increment@, line=9, srcF=@""@, srcL=9
  27 : text=@xx@, class=@Identifier@, type=@Identifier@, line=9, srcF=@""@, srcL=9
  28 : text=@;@, class=@Operator@, type=@SemiColon@, line=9, srcF=@""@, srcL=9
  29 : text=@return@, class=@Keyword@, type=@Return@, line=12, srcF=@""@, srcL=12
  30 : text=@xx@, class=@Identifier@, type=@Identifier@, line=12, srcF=@""@, srcL=12
  31 : text=@;@, class=@Operator@, type=@SemiColon@, line=12, srcF=@""@, srcL=12
  32 : text=@}@, class=@Operator@, type=@CurlyRight@, line=13, srcF=@""@, srcL=13
Read 32 lines from file 'test-data/ref/expr-8.run.out'
  1 : text=@int@, class=@Keyword@, type=@TInt@, line=2, srcF=@""@, srcL=2
  2 : text=@main@, class=@Identifier@, type=@TIdentifier@, line=2, srcF=@""@, srcL=2
  3 : text=@(@, class=@Operator@, type=@TOpenBracket@, line=2, srcF=@""@, srcL=2
  4 : text=@)@, class=@Operator@, type=@TCloseBracket@, line=2, srcF=@""@, srcL=2
  5 : text=@{@, class=@Operator@, type=@TOpenCurlyBrace@, line=3, srcF=@""@, srcL=3
  6 : text=@int@, class=@Keyword@, type=@TInt@, line=5, srcF=@""@, srcL=5
  7 : text=@xx@, class=@Identifier@, type=@TIdentifier@, line=5, srcF=@""@, srcL=5
  8 : text=@=@, class=@Operator@, type=@TAssign@, line=5, srcF=@""@, srcL=5
  9 : text=@10@, class=@Constant@, type=@TDecInteger@, line=5, srcF=@""@, srcL=5
  10 : text=@;@, class=@Operator@, type=@TSemicolon@, line=5, srcF=@""@, srcL=5
  11 : text=@xx@, class=@Identifier@, type=@TIdentifier@, line=7, srcF=@""@, srcL=7
  12 : text=@=@, class=@Operator@, type=@TAssign@, line=7, srcF=@""@, srcL=7
  13 : text=@+@, class=@Operator@, type=@TPlus@, line=7, srcF=@""@, srcL=7
  14 : text=@++@, class=@Operator@, type=@TIncrement@, line=7, srcF=@""@, srcL=7
  15 : text=@xx@, class=@Identifier@, type=@TIdentifier@, line=7, srcF=@""@, srcL=7
  16 : text=@;@, class=@Operator@, type=@TSemicolon@, line=7, srcF=@""@, srcL=7
  17 : text=@xx@, class=@Identifier@, type=@TIdentifier@, line=8, srcF=@""@, srcL=8
  18 : text=@=@, class=@Operator@, type=@TAssign@, line=8, srcF=@""@, srcL=8
  19 : text=@+@, class=@Operator@, type=@TPlus@, line=8, srcF=@""@, srcL=8
  20 : text=@xx@, class=@Identifier@, type=@TIdentifier@, line=8, srcF=@""@, srcL=8
  21 : text=@++@, class=@Operator@, type=@TIncrement@, line=8, srcF=@""@, srcL=8
  22 : text=@;@, class=@Operator@, type=@TSemicolon@, line=8, srcF=@""@, srcL=8
  23 : text=@xx@, class=@Identifier@, type=@TIdentifier@, line=9, srcF=@""@, srcL=9
  24 : text=@=@, class=@Operator@, type=@TAssign@, line=9, srcF=@""@, srcL=9
  25 : text=@-@, class=@Operator@, type=@TMinus@, line=9, srcF=@""@, srcL=9
  26 : text=@++@, class=@Operator@, type=@TIncrement@, line=9, srcF=@""@, srcL=9
  27 : text=@xx@, class=@Identifier@, type=@TIdentifier@, line=9, srcF=@""@, srcL=9
  28 : text=@;@, class=@Operator@, type=@TSemicolon@, line=9, srcF=@""@, srcL=9
  29 : text=@return@, class=@Keyword@, type=@TReturn@, line=12, srcF=@""@, srcL=12
  30 : text=@xx@, class=@Identifier@, type=@TIdentifier@, line=12, srcF=@""@, srcL=12
  31 : text=@;@, class=@Operator@, type=@TSemicolon@, line=12, srcF=@""@, srcL=12
  32 : text=@}@, class=@Operator@, type=@TCloseCurlyBrace@, line=13, srcF=@""@, srcL=13
Read 32 lines from file 'output/rbw14/expr-8.run.out'
Reference: 32 lines, Got: 32 lines.
    User,             Test, Tokens,   Text,  Class,   Type, LineNo, SrcFil, SrcLin
   rbw14,           expr-8,     32,  100.0,  100.0,  100.0,  100.0,  100.0,  100.0
