  1 : text=@int@, class=@Keyword@, type=@Int@, line=2, srcF=@""@, srcL=2
  2 : text=@f@, class=@Identifier@, type=@Identifier@, line=2, srcF=@""@, srcL=2
  3 : text=@(@, class=@Operator@, type=@ParenLeft@, line=2, srcF=@""@, srcL=2
  4 : text=@)@, class=@Operator@, type=@ParenRight@, line=2, srcF=@""@, srcL=2
  5 : text=@{@, class=@Operator@, type=@CurlyLeft@, line=3, srcF=@""@, srcL=3
  6 : text=@int@, class=@Keyword@, type=@Int@, line=4, srcF=@""@, srcL=4
  7 : text=@x@, class=@Identifier@, type=@Identifier@, line=4, srcF=@""@, srcL=4
  8 : text=@=@, class=@Operator@, type=@Assign@, line=4, srcF=@""@, srcL=4
  9 : text=@0@, class=@Constant@, type=@IntegerConstant@, line=4, srcF=@""@, srcL=4
  10 : text=@&&@, class=@Operator@, type=@LogicalAnd@, line=4, srcF=@""@, srcL=4
  11 : text=@0@, class=@Constant@, type=@IntegerConstant@, line=4, srcF=@""@, srcL=4
  12 : text=@;@, class=@Operator@, type=@SemiColon@, line=4, srcF=@""@, srcL=4
  13 : text=@int@, class=@Keyword@, type=@Int@, line=5, srcF=@""@, srcL=5
  14 : text=@u@, class=@Identifier@, type=@Identifier@, line=5, srcF=@""@, srcL=5
  15 : text=@=@, class=@Operator@, type=@Assign@, line=5, srcF=@""@, srcL=5
  16 : text=@5@, class=@Constant@, type=@IntegerConstant@, line=5, srcF=@""@, srcL=5
  17 : text=@||@, class=@Operator@, type=@LogicalOr@, line=5, srcF=@""@, srcL=5
  18 : text=@x@, class=@Identifier@, type=@Identifier@, line=5, srcF=@""@, srcL=5
  19 : text=@;@, class=@Operator@, type=@SemiColon@, line=5, srcF=@""@, srcL=5
  20 : text=@return@, class=@Keyword@, type=@Return@, line=6, srcF=@""@, srcL=6
  21 : text=@u@, class=@Identifier@, type=@Identifier@, line=6, srcF=@""@, srcL=6
  22 : text=@;@, class=@Operator@, type=@SemiColon@, line=6, srcF=@""@, srcL=6
  23 : text=@}@, class=@Operator@, type=@CurlyRight@, line=7, srcF=@""@, srcL=7
Read 23 lines from file 'test-data/ref/expr-2.run.out'
  1 : text=@int@, class=@Keyword@, type=@TInt@, line=2, srcF=@""@, srcL=2
  2 : text=@f@, class=@Identifier@, type=@TIdentifier@, line=2, srcF=@""@, srcL=2
  3 : text=@(@, class=@Operator@, type=@TOpenBracket@, line=2, srcF=@""@, srcL=2
  4 : text=@)@, class=@Operator@, type=@TCloseBracket@, line=2, srcF=@""@, srcL=2
  5 : text=@{@, class=@Operator@, type=@TOpenCurlyBrace@, line=3, srcF=@""@, srcL=3
  6 : text=@int@, class=@Keyword@, type=@TInt@, line=4, srcF=@""@, srcL=4
  7 : text=@x@, class=@Identifier@, type=@TIdentifier@, line=4, srcF=@""@, srcL=4
  8 : text=@=@, class=@Operator@, type=@TAssign@, line=4, srcF=@""@, srcL=4
  9 : text=@0@, class=@Constant@, type=@TDecInteger@, line=4, srcF=@""@, srcL=4
  10 : text=@&&@, class=@Operator@, type=@TLogicalAnd@, line=4, srcF=@""@, srcL=4
  11 : text=@0@, class=@Constant@, type=@TDecInteger@, line=4, srcF=@""@, srcL=4
  12 : text=@;@, class=@Operator@, type=@TSemicolon@, line=4, srcF=@""@, srcL=4
  13 : text=@int@, class=@Keyword@, type=@TInt@, line=5, srcF=@""@, srcL=5
  14 : text=@u@, class=@Constant@, type=@TDecInteger@, line=5, srcF=@""@, srcL=5
  15 : text=@=@, class=@Operator@, type=@TAssign@, line=5, srcF=@""@, srcL=5
  16 : text=@5@, class=@Invalid@, type=@TInvalid@, line=5, srcF=@""@, srcL=5
  17 : text=@||@, class=@Operator@, type=@TLogicalOr@, line=5, srcF=@""@, srcL=5
  18 : text=@x@, class=@Identifier@, type=@TIdentifier@, line=5, srcF=@""@, srcL=5
  19 : text=@;@, class=@Operator@, type=@TSemicolon@, line=5, srcF=@""@, srcL=5
  20 : text=@return@, class=@Keyword@, type=@TReturn@, line=6, srcF=@""@, srcL=6
  21 : text=@u@, class=@Constant@, type=@TDecInteger@, line=6, srcF=@""@, srcL=6
  22 : text=@;@, class=@Operator@, type=@TSemicolon@, line=6, srcF=@""@, srcL=6
  23 : text=@}@, class=@Operator@, type=@TCloseCurlyBrace@, line=7, srcF=@""@, srcL=7
Read 23 lines from file 'output/rbw14/expr-2.run.out'
Reference: 23 lines, Got: 23 lines.
Token 14 : Expected class @Identifier@, got @Constant@
Token 14 : Expected token type TIdentifier, to match previous token on line 2
Token 16 : Expected class @Constant@, got @Invalid@
Token 16 : Expected token type TDecInteger, to match previous token on line 9
Token 21 : Expected class @Identifier@, got @Constant@
Token 21 : Expected token type TIdentifier, to match previous token on line 2
    User,             Test, Tokens,   Text,  Class,   Type, LineNo, SrcFil, SrcLin
   rbw14,           expr-2,     23,  100.0,   87.0,   87.0,  100.0,  100.0,  100.0
