int Keyword TInt 2 "" 2
main Identifier TIdentifier 2 "" 2
( Operator TOpenBracket 2 "" 2
) Operator TCloseBracket 2 "" 2
{ Operator TOpenCurlyBrace 3 "" 3
int Keyword TInt 5 "" 5
xx Identifier TIdentifier 5 "" 5
= Operator TAssign 5 "" 5
10 Constant TDecInteger 5 "" 5
; Operator TSemicolon 5 "" 5
xx Identifier TIdentifier 7 "" 7
++ Operator TIncrement 7 "" 7
; Operator TSemicolon 7 "" 7
-- Operator TDecrement 8 "" 8
xx Identifier TIdentifier 8 "" 8
; Operator TSemicolon 8 "" 8
++ Operator TIncrement 9 "" 9
xx Identifier TIdentifier 9 "" 9
; Operator TSemicolon 9 "" 9
-- Operator TDecrement 9 "" 9
xx Identifier TIdentifier 9 "" 9
; Operator TSemicolon 9 "" 9
} Operator TCloseCurlyBrace 11 "" 11
