int Keyword TInt 2 "" 2
main Identifier TIdentifier 2 "" 2
( Operator TOpenBracket 2 "" 2
) Operator TCloseBracket 2 "" 2
{ Operator TOpenCurlyBrace 3 "" 3
int Keyword TInt 5 "" 5
x Identifier TIdentifier 5 "" 5
= Operator TAssign 5 "" 5
10 Constant TDecInteger 5 "" 5
; Operator TSemicolon 5 "" 5
x Identifier TIdentifier 6 "" 6
&= Operator TAndEquals 6 "" 6
11 Constant TDecInteger 6 "" 6
; Operator TSemicolon 6 "" 6
x Identifier TIdentifier 8 "" 8
^= Operator TCaratEquals 8 "" 8
12 Constant TDecInteger 8 "" 8
; Operator TSemicolon 8 "" 8
x Identifier TIdentifier 10 "" 10
|= Operator TPipeEquals 10 "" 10
13 Constant TDecInteger 10 "" 10
; Operator TSemicolon 10 "" 10
} Operator TCloseCurlyBrace 12 "" 12
