int Keyword TInt 2 "" 2
ff Identifier TIdentifier 2 "" 2
( Operator TOpenBracket 2 "" 2
) Operator TCloseBracket 2 "" 2
{ Operator TOpenCurlyBrace 3 "" 3
int Keyword TInt 5 "" 5
x Identifier TIdentifier 5 "" 5
= Operator TAssign 5 "" 5
0 Constant TDecInteger 5 "" 5
& Operator TBitwiseAnd 5 "" 5
0 Constant TDecInteger 5 "" 5
; Operator TSemicolon 5 "" 5
int Keyword TInt 6 "" 6
u Constant TDecInteger 6 "" 6
= Operator TAssign 6 "" 6
x Identifier TIdentifier 6 "" 6
| Operator TPipe 6 "" 6
x Identifier TIdentifier 6 "" 6
; Operator TSemicolon 6 "" 6
int Keyword TInt 7 "" 7
y Identifier TIdentifier 7 "" 7
= Operator TAssign 7 "" 7
u Constant TDecInteger 7 "" 7
^ Operator TCarat 7 "" 7
~ Operator TTilde 7 "" 7
x Identifier TIdentifier 7 "" 7
; Operator TSemicolon 7 "" 7
return Keyword TReturn 10 "" 10
y Identifier TIdentifier 10 "" 10
; Operator TSemicolon 10 "" 10
} Operator TCloseCurlyBrace 11 "" 11
