int Keyword TInt 2 "" 2
main Identifier TIdentifier 2 "" 2
( Operator TOpenBracket 2 "" 2
) Operator TCloseBracket 2 "" 2
{ Operator TOpenCurlyBrace 3 "" 3
int Keyword TInt 5 "" 5
xx Identifier TIdentifier 5 "" 5
= Operator TAssign 5 "" 5
10 Constant TDecInteger 5 "" 5
; Operator TSemicolon 5 "" 5
xx Identifier TIdentifier 7 "" 7
= Operator TAssign 7 "" 7
+ Operator TPlus 7 "" 7
++ Operator TIncrement 7 "" 7
xx Identifier TIdentifier 7 "" 7
; Operator TSemicolon 7 "" 7
xx Identifier TIdentifier 8 "" 8
= Operator TAssign 8 "" 8
+ Operator TPlus 8 "" 8
xx Identifier TIdentifier 8 "" 8
++ Operator TIncrement 8 "" 8
; Operator TSemicolon 8 "" 8
xx Identifier TIdentifier 9 "" 9
= Operator TAssign 9 "" 9
- Operator TMinus 9 "" 9
++ Operator TIncrement 9 "" 9
xx Identifier TIdentifier 9 "" 9
; Operator TSemicolon 9 "" 9
return Keyword TReturn 12 "" 12
xx Identifier TIdentifier 12 "" 12
; Operator TSemicolon 12 "" 12
} Operator TCloseCurlyBrace 13 "" 13
