int Keyword TInt 2 "" 2
f Identifier TIdentifier 2 "" 2
( Operator TOpenBracket 2 "" 2
) Operator TCloseBracket 2 "" 2
{ Operator TOpenCurlyBrace 3 "" 3
int Keyword TInt 4 "" 4
x Identifier TIdentifier 4 "" 4
= Operator TAssign 4 "" 4
0 Constant TDecInteger 4 "" 4
&& Operator TLogicalAnd 4 "" 4
0 Constant TDecInteger 4 "" 4
; Operator TSemicolon 4 "" 4
int Keyword TInt 5 "" 5
u Constant TDecInteger 5 "" 5
= Operator TAssign 5 "" 5
5 Invalid TInvalid 5 "" 5
|| Operator TLogicalOr 5 "" 5
x Identifier TIdentifier 5 "" 5
; Operator TSemicolon 5 "" 5
return Keyword TReturn 6 "" 6
u Constant TDecInteger 6 "" 6
; Operator TSemicolon 6 "" 6
} Operator TCloseCurlyBrace 7 "" 7
