  1 : text=@int@, class=@Keyword@, type=@Int@, line=2, srcF=@""@, srcL=2
  2 : text=@f@, class=@Identifier@, type=@Identifier@, line=2, srcF=@""@, srcL=2
  3 : text=@(@, class=@Operator@, type=@ParenLeft@, line=2, srcF=@""@, srcL=2
  4 : text=@)@, class=@Operator@, type=@ParenRight@, line=2, srcF=@""@, srcL=2
  5 : text=@{@, class=@Operator@, type=@CurlyLeft@, line=3, srcF=@""@, srcL=3
  6 : text=@int@, class=@Keyword@, type=@Int@, line=4, srcF=@""@, srcL=4
  7 : text=@x@, class=@Identifier@, type=@Identifier@, line=4, srcF=@""@, srcL=4
  8 : text=@=@, class=@Operator@, type=@Assign@, line=4, srcF=@""@, srcL=4
  9 : text=@0@, class=@Constant@, type=@IntegerConstant@, line=4, srcF=@""@, srcL=4
  10 : text=@+@, class=@Operator@, type=@Plus@, line=4, srcF=@""@, srcL=4
  11 : text=@0@, class=@Constant@, type=@IntegerConstant@, line=4, srcF=@""@, srcL=4
  12 : text=@;@, class=@Operator@, type=@SemiColon@, line=4, srcF=@""@, srcL=4
  13 : text=@int@, class=@Keyword@, type=@Int@, line=5, srcF=@""@, srcL=5
  14 : text=@u@, class=@Identifier@, type=@Identifier@, line=5, srcF=@""@, srcL=5
  15 : text=@=@, class=@Operator@, type=@Assign@, line=5, srcF=@""@, srcL=5
  16 : text=@x@, class=@Identifier@, type=@Identifier@, line=5, srcF=@""@, srcL=5
  17 : text=@-@, class=@Operator@, type=@Minus@, line=5, srcF=@""@, srcL=5
  18 : text=@x@, class=@Identifier@, type=@Identifier@, line=5, srcF=@""@, srcL=5
  19 : text=@;@, class=@Operator@, type=@SemiColon@, line=5, srcF=@""@, srcL=5
  20 : text=@int@, class=@Keyword@, type=@Int@, line=6, srcF=@""@, srcL=6
  21 : text=@z@, class=@Identifier@, type=@Identifier@, line=6, srcF=@""@, srcL=6
  22 : text=@=@, class=@Operator@, type=@Assign@, line=6, srcF=@""@, srcL=6
  23 : text=@u@, class=@Identifier@, type=@Identifier@, line=6, srcF=@""@, srcL=6
  24 : text=@*@, class=@Operator@, type=@Asterix@, line=6, srcF=@""@, srcL=6
  25 : text=@u@, class=@Identifier@, type=@Identifier@, line=6, srcF=@""@, srcL=6
  26 : text=@;@, class=@Operator@, type=@SemiColon@, line=6, srcF=@""@, srcL=6
  27 : text=@int@, class=@Keyword@, type=@Int@, line=7, srcF=@""@, srcL=7
  28 : text=@y@, class=@Identifier@, type=@Identifier@, line=7, srcF=@""@, srcL=7
  29 : text=@=@, class=@Operator@, type=@Assign@, line=7, srcF=@""@, srcL=7
  30 : text=@z@, class=@Identifier@, type=@Identifier@, line=7, srcF=@""@, srcL=7
  31 : text=@/@, class=@Operator@, type=@Divide@, line=7, srcF=@""@, srcL=7
  32 : text=@x@, class=@Identifier@, type=@Identifier@, line=7, srcF=@""@, srcL=7
  33 : text=@;@, class=@Operator@, type=@SemiColon@, line=7, srcF=@""@, srcL=7
  34 : text=@return@, class=@Keyword@, type=@Return@, line=8, srcF=@""@, srcL=8
  35 : text=@y@, class=@Identifier@, type=@Identifier@, line=8, srcF=@""@, srcL=8
  36 : text=@;@, class=@Operator@, type=@SemiColon@, line=8, srcF=@""@, srcL=8
  37 : text=@}@, class=@Operator@, type=@CurlyRight@, line=9, srcF=@""@, srcL=9
Read 37 lines from file 'test-data/ref/expr-1.run.out'
  1 : text=@int@, class=@Keyword@, type=@TInt@, line=2, srcF=@""@, srcL=2
  2 : text=@f@, class=@Identifier@, type=@TIdentifier@, line=2, srcF=@""@, srcL=2
  3 : text=@(@, class=@Operator@, type=@TOpenBracket@, line=2, srcF=@""@, srcL=2
  4 : text=@)@, class=@Operator@, type=@TCloseBracket@, line=2, srcF=@""@, srcL=2
  5 : text=@{@, class=@Operator@, type=@TOpenCurlyBrace@, line=3, srcF=@""@, srcL=3
  6 : text=@int@, class=@Keyword@, type=@TInt@, line=4, srcF=@""@, srcL=4
  7 : text=@x@, class=@Identifier@, type=@TIdentifier@, line=4, srcF=@""@, srcL=4
  8 : text=@=@, class=@Operator@, type=@TAssign@, line=4, srcF=@""@, srcL=4
  9 : text=@0@, class=@Constant@, type=@TDecInteger@, line=4, srcF=@""@, srcL=4
  10 : text=@+@, class=@Operator@, type=@TPlus@, line=4, srcF=@""@, srcL=4
  11 : text=@0@, class=@Constant@, type=@TDecInteger@, line=4, srcF=@""@, srcL=4
  12 : text=@;@, class=@Operator@, type=@TSemicolon@, line=4, srcF=@""@, srcL=4
  13 : text=@int@, class=@Keyword@, type=@TInt@, line=5, srcF=@""@, srcL=5
  14 : text=@u@, class=@Constant@, type=@TDecInteger@, line=5, srcF=@""@, srcL=5
  15 : text=@=@, class=@Operator@, type=@TAssign@, line=5, srcF=@""@, srcL=5
  16 : text=@x@, class=@Identifier@, type=@TIdentifier@, line=5, srcF=@""@, srcL=5
  17 : text=@-@, class=@Operator@, type=@TMinus@, line=5, srcF=@""@, srcL=5
  18 : text=@x@, class=@Identifier@, type=@TIdentifier@, line=5, srcF=@""@, srcL=5
  19 : text=@;@, class=@Operator@, type=@TSemicolon@, line=5, srcF=@""@, srcL=5
  20 : text=@int@, class=@Keyword@, type=@TInt@, line=6, srcF=@""@, srcL=6
  21 : text=@z@, class=@Identifier@, type=@TIdentifier@, line=6, srcF=@""@, srcL=6
  22 : text=@=@, class=@Operator@, type=@TAssign@, line=6, srcF=@""@, srcL=6
  23 : text=@u@, class=@Constant@, type=@TDecInteger@, line=6, srcF=@""@, srcL=6
  24 : text=@*@, class=@Operator@, type=@TStar@, line=6, srcF=@""@, srcL=6
  25 : text=@u@, class=@Constant@, type=@TDecInteger@, line=6, srcF=@""@, srcL=6
  26 : text=@;@, class=@Operator@, type=@TSemicolon@, line=6, srcF=@""@, srcL=6
  27 : text=@int@, class=@Keyword@, type=@TInt@, line=7, srcF=@""@, srcL=7
  28 : text=@y@, class=@Identifier@, type=@TIdentifier@, line=7, srcF=@""@, srcL=7
  29 : text=@=@, class=@Operator@, type=@TAssign@, line=7, srcF=@""@, srcL=7
  30 : text=@z@, class=@Identifier@, type=@TIdentifier@, line=7, srcF=@""@, srcL=7
  31 : text=@/@, class=@Operator@, type=@TSlash@, line=7, srcF=@""@, srcL=7
  32 : text=@x@, class=@Identifier@, type=@TIdentifier@, line=7, srcF=@""@, srcL=7
  33 : text=@;@, class=@Operator@, type=@TSemicolon@, line=7, srcF=@""@, srcL=7
  34 : text=@return@, class=@Keyword@, type=@TReturn@, line=8, srcF=@""@, srcL=8
  35 : text=@y@, class=@Identifier@, type=@TIdentifier@, line=8, srcF=@""@, srcL=8
  36 : text=@;@, class=@Operator@, type=@TSemicolon@, line=8, srcF=@""@, srcL=8
  37 : text=@}@, class=@Operator@, type=@TCloseCurlyBrace@, line=9, srcF=@""@, srcL=9
Read 37 lines from file 'output/rbw14/expr-1.run.out'
Reference: 37 lines, Got: 37 lines.
Token 14 : Expected class @Identifier@, got @Constant@
Token 14 : Expected token type TIdentifier, to match previous token on line 2
Token 23 : Expected class @Identifier@, got @Constant@
Token 23 : Expected token type TIdentifier, to match previous token on line 2
Token 25 : Expected class @Identifier@, got @Constant@
Token 25 : Expected token type TIdentifier, to match previous token on line 2
    User,             Test, Tokens,   Text,  Class,   Type, LineNo, SrcFil, SrcLin
   rbw14,           expr-1,     37,  100.0,   91.9,   91.9,  100.0,  100.0,  100.0
