int Keyword TInt 2 "" 2
main Identifier TIdentifier 2 "" 2
( Operator TOpenBracket 2 "" 2
) Operator TCloseBracket 2 "" 2
{ Operator TOpenCurlyBrace 3 "" 3
int Keyword TInt 5 "" 5
x Identifier TIdentifier 5 "" 5
= Operator TAssign 5 "" 5
10 Constant TDecInteger 5 "" 5
; Operator TSemicolon 5 "" 5
x Identifier TIdentifier 6 "" 6
+= Operator TPlusEquals 6 "" 6
11 Constant TDecInteger 6 "" 6
; Operator TSemicolon 6 "" 6
x Identifier TIdentifier 6 "" 6
-= Operator TMinusEquals 6 "" 6
12 Constant TDecInteger 6 "" 6
; Operator TSemicolon 6 "" 6
x Identifier TIdentifier 6 "" 6
*= Operator TStarEquals 6 "" 6
13 Constant TDecInteger 6 "" 6
; Operator TSemicolon 6 "" 6
x Identifier TIdentifier 6 "" 6
/= Operator TSlashEquals 6 "" 6
14 Constant TDecInteger 6 "" 6
; Operator TSemicolon 6 "" 6
} Operator TCloseCurlyBrace 8 "" 8
