int Keyword TInt 2 "" 2
main Identifier TIdentifier 2 "" 2
( Operator TOpenBracket 2 "" 2
) Operator TCloseBracket 2 "" 2
{ Operator TOpenCurlyBrace 3 "" 3
int Keyword TInt 5 "" 5
x Identifier TIdentifier 5 "" 5
= Operator TAssign 5 "" 5
5 Invalid TInvalid 5 "" 5
<< Operator TLeftShift 5 "" 5
6 Invalid TInvalid 5 "" 5
; Operator TSemicolon 5 "" 5
x Identifier TIdentifier 6 "" 6
= Operator TAssign 6 "" 6
7 Invalid TInvalid 6 "" 6
>> Operator TRightShift 6 "" 6
x Identifier TIdentifier 6 "" 6
; Operator TSemicolon 6 "" 6
x Identifier TIdentifier 7 "" 7
<<= Operator TLeftShiftEquals 7 "" 7
5 Invalid TInvalid 7 "" 7
; Operator TSemicolon 7 "" 7
x Identifier TIdentifier 8 "" 8
>>= Operator TRightShiftEquals 8 "" 8
6 Invalid TInvalid 8 "" 8
; Operator TSemicolon 8 "" 8
} Operator TCloseCurlyBrace 10 "" 10
