  1 : text=@struct@, class=@Keyword@, type=@Struct@, line=2, srcF=@""@, srcL=2
  2 : text=@x@, class=@Identifier@, type=@Identifier@, line=2, srcF=@""@, srcL=2
  3 : text=@{@, class=@Operator@, type=@CurlyLeft@, line=2, srcF=@""@, srcL=2
  4 : text=@int@, class=@Keyword@, type=@Int@, line=3, srcF=@""@, srcL=3
  5 : text=@f@, class=@Identifier@, type=@Identifier@, line=3, srcF=@""@, srcL=3
  6 : text=@;@, class=@Operator@, type=@SemiColon@, line=3, srcF=@""@, srcL=3
  7 : text=@}@, class=@Operator@, type=@CurlyRight@, line=4, srcF=@""@, srcL=4
  8 : text=@;@, class=@Operator@, type=@SemiColon@, line=4, srcF=@""@, srcL=4
  9 : text=@int@, class=@Keyword@, type=@Int@, line=7, srcF=@""@, srcL=7
  10 : text=@main@, class=@Identifier@, type=@Identifier@, line=7, srcF=@""@, srcL=7
  11 : text=@(@, class=@Operator@, type=@ParenLeft@, line=7, srcF=@""@, srcL=7
  12 : text=@)@, class=@Operator@, type=@ParenRight@, line=7, srcF=@""@, srcL=7
  13 : text=@{@, class=@Operator@, type=@CurlyLeft@, line=8, srcF=@""@, srcL=8
  14 : text=@struct@, class=@Keyword@, type=@Struct@, line=10, srcF=@""@, srcL=10
  15 : text=@x@, class=@Identifier@, type=@Identifier@, line=10, srcF=@""@, srcL=10
  16 : text=@tmp@, class=@Identifier@, type=@Identifier@, line=10, srcF=@""@, srcL=10
  17 : text=@;@, class=@Operator@, type=@SemiColon@, line=10, srcF=@""@, srcL=10
  18 : text=@struct@, class=@Keyword@, type=@Struct@, line=11, srcF=@""@, srcL=11
  19 : text=@x@, class=@Identifier@, type=@Identifier@, line=11, srcF=@""@, srcL=11
  20 : text=@*@, class=@Operator@, type=@Asterix@, line=11, srcF=@""@, srcL=11
  21 : text=@px@, class=@Identifier@, type=@Identifier@, line=11, srcF=@""@, srcL=11
  22 : text=@=@, class=@Operator@, type=@Assign@, line=11, srcF=@""@, srcL=11
  23 : text=@&@, class=@Operator@, type=@BitAnd@, line=11, srcF=@""@, srcL=11
  24 : text=@tmp@, class=@Identifier@, type=@Identifier@, line=11, srcF=@""@, srcL=11
  25 : text=@;@, class=@Operator@, type=@SemiColon@, line=11, srcF=@""@, srcL=11
  26 : text=@int@, class=@Keyword@, type=@Int@, line=13, srcF=@""@, srcL=13
  27 : text=@t@, class=@Identifier@, type=@Identifier@, line=13, srcF=@""@, srcL=13
  28 : text=@=@, class=@Operator@, type=@Assign@, line=13, srcF=@""@, srcL=13
  29 : text=@px@, class=@Identifier@, type=@Identifier@, line=13, srcF=@""@, srcL=13
  30 : text=@->@, class=@Operator@, type=@Arrow@, line=13, srcF=@""@, srcL=13
  31 : text=@f@, class=@Identifier@, type=@Identifier@, line=13, srcF=@""@, srcL=13
  32 : text=@;@, class=@Operator@, type=@SemiColon@, line=13, srcF=@""@, srcL=13
  33 : text=@t@, class=@Identifier@, type=@Identifier@, line=14, srcF=@""@, srcL=14
  34 : text=@=@, class=@Operator@, type=@Assign@, line=14, srcF=@""@, srcL=14
  35 : text=@tmp@, class=@Identifier@, type=@Identifier@, line=14, srcF=@""@, srcL=14
  36 : text=@.@, class=@Operator@, type=@Dot@, line=14, srcF=@""@, srcL=14
  37 : text=@f@, class=@Identifier@, type=@Identifier@, line=14, srcF=@""@, srcL=14
  38 : text=@;@, class=@Operator@, type=@SemiColon@, line=14, srcF=@""@, srcL=14
  39 : text=@return@, class=@Keyword@, type=@Return@, line=16, srcF=@""@, srcL=16
  40 : text=@t@, class=@Identifier@, type=@Identifier@, line=16, srcF=@""@, srcL=16
  41 : text=@;@, class=@Operator@, type=@SemiColon@, line=16, srcF=@""@, srcL=16
  42 : text=@}@, class=@Operator@, type=@CurlyRight@, line=17, srcF=@""@, srcL=17
Read 42 lines from file 'test-data/ref/pointer-3.run.out'
  1 : text=@struct@, class=@Keyword@, type=@TStruct@, line=2, srcF=@""@, srcL=2
  2 : text=@x@, class=@Identifier@, type=@TIdentifier@, line=2, srcF=@""@, srcL=2
  3 : text=@{@, class=@Operator@, type=@TOpenCurlyBrace@, line=2, srcF=@""@, srcL=2
  4 : text=@int@, class=@Keyword@, type=@TInt@, line=3, srcF=@""@, srcL=3
  5 : text=@f@, class=@Identifier@, type=@TIdentifier@, line=3, srcF=@""@, srcL=3
  6 : text=@;@, class=@Operator@, type=@TSemicolon@, line=3, srcF=@""@, srcL=3
  7 : text=@}@, class=@Operator@, type=@TCloseCurlyBrace@, line=4, srcF=@""@, srcL=4
  8 : text=@;@, class=@Operator@, type=@TSemicolon@, line=4, srcF=@""@, srcL=4
  9 : text=@int@, class=@Keyword@, type=@TInt@, line=7, srcF=@""@, srcL=7
  10 : text=@main@, class=@Identifier@, type=@TIdentifier@, line=7, srcF=@""@, srcL=7
  11 : text=@(@, class=@Operator@, type=@TOpenBracket@, line=7, srcF=@""@, srcL=7
  12 : text=@)@, class=@Operator@, type=@TCloseBracket@, line=7, srcF=@""@, srcL=7
  13 : text=@{@, class=@Operator@, type=@TOpenCurlyBrace@, line=8, srcF=@""@, srcL=8
  14 : text=@struct@, class=@Keyword@, type=@TStruct@, line=10, srcF=@""@, srcL=10
  15 : text=@x@, class=@Identifier@, type=@TIdentifier@, line=10, srcF=@""@, srcL=10
  16 : text=@tmp@, class=@Identifier@, type=@TIdentifier@, line=10, srcF=@""@, srcL=10
  17 : text=@;@, class=@Operator@, type=@TSemicolon@, line=10, srcF=@""@, srcL=10
  18 : text=@struct@, class=@Keyword@, type=@TStruct@, line=11, srcF=@""@, srcL=11
  19 : text=@x@, class=@Identifier@, type=@TIdentifier@, line=11, srcF=@""@, srcL=11
  20 : text=@*@, class=@Operator@, type=@TStar@, line=11, srcF=@""@, srcL=11
  21 : text=@px@, class=@Identifier@, type=@TIdentifier@, line=11, srcF=@""@, srcL=11
  22 : text=@=@, class=@Operator@, type=@TAssign@, line=11, srcF=@""@, srcL=11
  23 : text=@&@, class=@Operator@, type=@TBitwiseAnd@, line=11, srcF=@""@, srcL=11
  24 : text=@tmp@, class=@Identifier@, type=@TIdentifier@, line=11, srcF=@""@, srcL=11
  25 : text=@;@, class=@Operator@, type=@TSemicolon@, line=11, srcF=@""@, srcL=11
  26 : text=@int@, class=@Keyword@, type=@TInt@, line=13, srcF=@""@, srcL=13
  27 : text=@t@, class=@Identifier@, type=@TIdentifier@, line=13, srcF=@""@, srcL=13
  28 : text=@=@, class=@Operator@, type=@TAssign@, line=13, srcF=@""@, srcL=13
  29 : text=@px@, class=@Identifier@, type=@TIdentifier@, line=13, srcF=@""@, srcL=13
  30 : text=@->@, class=@Operator@, type=@TArrow@, line=13, srcF=@""@, srcL=13
  31 : text=@f@, class=@Identifier@, type=@TIdentifier@, line=13, srcF=@""@, srcL=13
  32 : text=@;@, class=@Operator@, type=@TSemicolon@, line=13, srcF=@""@, srcL=13
  33 : text=@t@, class=@Identifier@, type=@TIdentifier@, line=14, srcF=@""@, srcL=14
  34 : text=@=@, class=@Operator@, type=@TAssign@, line=14, srcF=@""@, srcL=14
  35 : text=@tmp@, class=@Identifier@, type=@TIdentifier@, line=14, srcF=@""@, srcL=14
  36 : text=@.@, class=@Operator@, type=@TDot@, line=14, srcF=@""@, srcL=14
  37 : text=@f@, class=@Identifier@, type=@TIdentifier@, line=14, srcF=@""@, srcL=14
  38 : text=@;@, class=@Operator@, type=@TSemicolon@, line=14, srcF=@""@, srcL=14
  39 : text=@return@, class=@Keyword@, type=@TReturn@, line=16, srcF=@""@, srcL=16
  40 : text=@t@, class=@Identifier@, type=@TIdentifier@, line=16, srcF=@""@, srcL=16
  41 : text=@;@, class=@Operator@, type=@TSemicolon@, line=16, srcF=@""@, srcL=16
  42 : text=@}@, class=@Operator@, type=@TCloseCurlyBrace@, line=17, srcF=@""@, srcL=17
Read 42 lines from file 'output/rbw14/pointer-3.run.out'
Reference: 42 lines, Got: 42 lines.
    User,             Test, Tokens,   Text,  Class,   Type, LineNo, SrcFil, SrcLin
   rbw14,        pointer-3,     42,  100.0,  100.0,  100.0,  100.0,  100.0,  100.0
