int Keyword TInt 2 "" 2
main Identifier TIdentifier 2 "" 2
( Operator TOpenBracket 2 "" 2
) Operator TCloseBracket 2 "" 2
{ Operator TOpenCurlyBrace 3 "" 3
int Keyword TInt 5 "" 5
* Operator TStar 5 "" 5
x Identifier TIdentifier 5 "" 5
= Operator TAssign 5 "" 5
0 Constant TDecInteger 5 "" 5
; Operator TSemicolon 5 "" 5
int Keyword TInt 7 "" 7
y Identifier TIdentifier 7 "" 7
= Operator TAssign 7 "" 7
* Operator TStar 7 "" 7
x Identifier TIdentifier 7 "" 7
; Operator TSemicolon 7 "" 7
return Keyword TReturn 9 "" 9
y Identifier TIdentifier 9 "" 9
; Operator TSemicolon 9 "" 9
} Operator TCloseCurlyBrace 10 "" 10
