struct Keyword TStruct 2 "" 2
x Identifier TIdentifier 2 "" 2
{ Operator TOpenCurlyBrace 2 "" 2
int Keyword TInt 3 "" 3
f Identifier TIdentifier 3 "" 3
; Operator TSemicolon 3 "" 3
} Operator TCloseCurlyBrace 4 "" 4
; Operator TSemicolon 4 "" 4
int Keyword TInt 7 "" 7
main Identifier TIdentifier 7 "" 7
( Operator TOpenBracket 7 "" 7
) Operator TCloseBracket 7 "" 7
{ Operator TOpenCurlyBrace 8 "" 8
struct Keyword TStruct 10 "" 10
x Identifier TIdentifier 10 "" 10
tmp Identifier TIdentifier 10 "" 10
; Operator TSemicolon 10 "" 10
struct Keyword TStruct 11 "" 11
x Identifier TIdentifier 11 "" 11
* Operator TStar 11 "" 11
px Identifier TIdentifier 11 "" 11
= Operator TAssign 11 "" 11
& Operator TBitwiseAnd 11 "" 11
tmp Identifier TIdentifier 11 "" 11
; Operator TSemicolon 11 "" 11
int Keyword TInt 13 "" 13
t Identifier TIdentifier 13 "" 13
= Operator TAssign 13 "" 13
sizeof Operator TSizeof 13 "" 13
( Operator TOpenBracket 13 "" 13
tmp Identifier TIdentifier 13 "" 13
) Operator TCloseBracket 13 "" 13
; Operator TSemicolon 13 "" 13
t Identifier TIdentifier 14 "" 14
= Operator TAssign 14 "" 14
sizeof Operator TSizeof 14 "" 14
( Operator TOpenBracket 14 "" 14
* Operator TStar 14 "" 14
px Identifier TIdentifier 14 "" 14
) Operator TCloseBracket 14 "" 14
; Operator TSemicolon 14 "" 14
return Keyword TReturn 16 "" 16
t Identifier TIdentifier 16 "" 16
; Operator TSemicolon 16 "" 16
} Operator TCloseCurlyBrace 18 "" 18
