int Keyword TInt 1 "" 1
main Identifier TIdentifier 1 "" 1
( Operator TOpenBracket 1 "" 1
) Operator TCloseBracket 1 "" 1
{ Operator TOpenCurlyBrace 2 "" 2
switch Keyword TSwitch 3 "" 3
( Operator TOpenBracket 3 "" 3
10 Constant TDecInteger 3 "" 3
) Operator TCloseBracket 3 "" 3
{ Operator TOpenCurlyBrace 3 "" 3
case Keyword TCase 4 "" 4
5 Invalid TInvalid 4 "" 4
: Operator TColon 4 "" 4
break Keyword TBreak 5 "" 5
; Operator TSemicolon 5 "" 5
default Keyword TDefault 6 "" 6
: Operator TColon 6 "" 6
break Keyword TBreak 7 "" 7
; Operator TSemicolon 7 "" 7
} Operator TCloseCurlyBrace 8 "" 8
} Operator TCloseCurlyBrace 9 "" 9
