  1 : text=@int@, class=@Keyword@, type=@Int@, line=1, srcF=@""@, srcL=1
  2 : text=@main@, class=@Identifier@, type=@Identifier@, line=1, srcF=@""@, srcL=1
  3 : text=@(@, class=@Operator@, type=@ParenLeft@, line=1, srcF=@""@, srcL=1
  4 : text=@)@, class=@Operator@, type=@ParenRight@, line=1, srcF=@""@, srcL=1
  5 : text=@{@, class=@Operator@, type=@CurlyLeft@, line=2, srcF=@""@, srcL=2
  6 : text=@do@, class=@Keyword@, type=@Do@, line=3, srcF=@""@, srcL=3
  7 : text=@{@, class=@Operator@, type=@CurlyLeft@, line=3, srcF=@""@, srcL=3
  8 : text=@}@, class=@Operator@, type=@CurlyRight@, line=3, srcF=@""@, srcL=3
  9 : text=@while@, class=@Keyword@, type=@While@, line=3, srcF=@""@, srcL=3
  10 : text=@(@, class=@Operator@, type=@ParenLeft@, line=3, srcF=@""@, srcL=3
  11 : text=@1@, class=@Constant@, type=@IntegerConstant@, line=3, srcF=@""@, srcL=3
  12 : text=@)@, class=@Operator@, type=@ParenRight@, line=3, srcF=@""@, srcL=3
  13 : text=@;@, class=@Operator@, type=@SemiColon@, line=3, srcF=@""@, srcL=3
  14 : text=@}@, class=@Operator@, type=@CurlyRight@, line=4, srcF=@""@, srcL=4
Read 14 lines from file 'test-data/ref/stat-4.run.out'
  1 : text=@int@, class=@Keyword@, type=@TInt@, line=1, srcF=@""@, srcL=1
  2 : text=@main@, class=@Identifier@, type=@TIdentifier@, line=1, srcF=@""@, srcL=1
  3 : text=@(@, class=@Operator@, type=@TOpenBracket@, line=1, srcF=@""@, srcL=1
  4 : text=@)@, class=@Operator@, type=@TCloseBracket@, line=1, srcF=@""@, srcL=1
  5 : text=@{@, class=@Operator@, type=@TOpenCurlyBrace@, line=2, srcF=@""@, srcL=2
  6 : text=@do@, class=@Keyword@, type=@TDo@, line=3, srcF=@""@, srcL=3
  7 : text=@{@, class=@Operator@, type=@TOpenCurlyBrace@, line=3, srcF=@""@, srcL=3
  8 : text=@}@, class=@Operator@, type=@TCloseCurlyBrace@, line=3, srcF=@""@, srcL=3
  9 : text=@while@, class=@Keyword@, type=@TWhile@, line=3, srcF=@""@, srcL=3
  10 : text=@(@, class=@Operator@, type=@TOpenBracket@, line=3, srcF=@""@, srcL=3
  11 : text=@1@, class=@Invalid@, type=@TInvalid@, line=3, srcF=@""@, srcL=3
  12 : text=@)@, class=@Operator@, type=@TCloseBracket@, line=3, srcF=@""@, srcL=3
  13 : text=@;@, class=@Operator@, type=@TSemicolon@, line=3, srcF=@""@, srcL=3
  14 : text=@}@, class=@Operator@, type=@TCloseCurlyBrace@, line=4, srcF=@""@, srcL=4
Read 14 lines from file 'output/rbw14/stat-4.run.out'
Reference: 14 lines, Got: 14 lines.
Token 11 : Expected class @Constant@, got @Invalid@
    User,             Test, Tokens,   Text,  Class,   Type, LineNo, SrcFil, SrcLin
   rbw14,           stat-4,     14,  100.0,   92.9,  100.0,  100.0,  100.0,  100.0
