  1 : text=@int@, class=@Keyword@, type=@Int@, line=1, srcF=@""@, srcL=1
  2 : text=@main@, class=@Identifier@, type=@Identifier@, line=1, srcF=@""@, srcL=1
  3 : text=@(@, class=@Operator@, type=@ParenLeft@, line=1, srcF=@""@, srcL=1
  4 : text=@)@, class=@Operator@, type=@ParenRight@, line=1, srcF=@""@, srcL=1
  5 : text=@{@, class=@Operator@, type=@CurlyLeft@, line=2, srcF=@""@, srcL=2
  6 : text=@switch@, class=@Keyword@, type=@Switch@, line=3, srcF=@""@, srcL=3
  7 : text=@(@, class=@Operator@, type=@ParenLeft@, line=3, srcF=@""@, srcL=3
  8 : text=@10@, class=@Constant@, type=@IntegerConstant@, line=3, srcF=@""@, srcL=3
  9 : text=@)@, class=@Operator@, type=@ParenRight@, line=3, srcF=@""@, srcL=3
  10 : text=@{@, class=@Operator@, type=@CurlyLeft@, line=3, srcF=@""@, srcL=3
  11 : text=@case@, class=@Keyword@, type=@Case@, line=4, srcF=@""@, srcL=4
  12 : text=@5@, class=@Constant@, type=@IntegerConstant@, line=4, srcF=@""@, srcL=4
  13 : text=@:@, class=@Operator@, type=@Colon@, line=4, srcF=@""@, srcL=4
  14 : text=@break@, class=@Keyword@, type=@Break@, line=5, srcF=@""@, srcL=5
  15 : text=@;@, class=@Operator@, type=@SemiColon@, line=5, srcF=@""@, srcL=5
  16 : text=@default@, class=@Keyword@, type=@Default@, line=6, srcF=@""@, srcL=6
  17 : text=@:@, class=@Operator@, type=@Colon@, line=6, srcF=@""@, srcL=6
  18 : text=@break@, class=@Keyword@, type=@Break@, line=7, srcF=@""@, srcL=7
  19 : text=@;@, class=@Operator@, type=@SemiColon@, line=7, srcF=@""@, srcL=7
  20 : text=@}@, class=@Operator@, type=@CurlyRight@, line=8, srcF=@""@, srcL=8
  21 : text=@}@, class=@Operator@, type=@CurlyRight@, line=9, srcF=@""@, srcL=9
Read 21 lines from file 'test-data/ref/stat-6.run.out'
  1 : text=@int@, class=@Keyword@, type=@TInt@, line=1, srcF=@""@, srcL=1
  2 : text=@main@, class=@Identifier@, type=@TIdentifier@, line=1, srcF=@""@, srcL=1
  3 : text=@(@, class=@Operator@, type=@TOpenBracket@, line=1, srcF=@""@, srcL=1
  4 : text=@)@, class=@Operator@, type=@TCloseBracket@, line=1, srcF=@""@, srcL=1
  5 : text=@{@, class=@Operator@, type=@TOpenCurlyBrace@, line=2, srcF=@""@, srcL=2
  6 : text=@switch@, class=@Keyword@, type=@TSwitch@, line=3, srcF=@""@, srcL=3
  7 : text=@(@, class=@Operator@, type=@TOpenBracket@, line=3, srcF=@""@, srcL=3
  8 : text=@10@, class=@Constant@, type=@TDecInteger@, line=3, srcF=@""@, srcL=3
  9 : text=@)@, class=@Operator@, type=@TCloseBracket@, line=3, srcF=@""@, srcL=3
  10 : text=@{@, class=@Operator@, type=@TOpenCurlyBrace@, line=3, srcF=@""@, srcL=3
  11 : text=@case@, class=@Keyword@, type=@TCase@, line=4, srcF=@""@, srcL=4
  12 : text=@5@, class=@Invalid@, type=@TInvalid@, line=4, srcF=@""@, srcL=4
  13 : text=@:@, class=@Operator@, type=@TColon@, line=4, srcF=@""@, srcL=4
  14 : text=@break@, class=@Keyword@, type=@TBreak@, line=5, srcF=@""@, srcL=5
  15 : text=@;@, class=@Operator@, type=@TSemicolon@, line=5, srcF=@""@, srcL=5
  16 : text=@default@, class=@Keyword@, type=@TDefault@, line=6, srcF=@""@, srcL=6
  17 : text=@:@, class=@Operator@, type=@TColon@, line=6, srcF=@""@, srcL=6
  18 : text=@break@, class=@Keyword@, type=@TBreak@, line=7, srcF=@""@, srcL=7
  19 : text=@;@, class=@Operator@, type=@TSemicolon@, line=7, srcF=@""@, srcL=7
  20 : text=@}@, class=@Operator@, type=@TCloseCurlyBrace@, line=8, srcF=@""@, srcL=8
  21 : text=@}@, class=@Operator@, type=@TCloseCurlyBrace@, line=9, srcF=@""@, srcL=9
Read 21 lines from file 'output/rbw14/stat-6.run.out'
Reference: 21 lines, Got: 21 lines.
Token 12 : Expected class @Constant@, got @Invalid@
Token 12 : Expected token type TDecInteger, to match previous token on line 8
    User,             Test, Tokens,   Text,  Class,   Type, LineNo, SrcFil, SrcLin
   rbw14,           stat-6,     21,  100.0,   95.2,   95.2,  100.0,  100.0,  100.0
