  1 : text=@const@, class=@Keyword@, type=@Const@, line=1, srcF=@""@, srcL=1
  2 : text=@char@, class=@Keyword@, type=@Char@, line=1, srcF=@""@, srcL=1
  3 : text=@*@, class=@Operator@, type=@Asterix@, line=1, srcF=@""@, srcL=1
  4 : text=@x@, class=@Identifier@, type=@Identifier@, line=1, srcF=@""@, srcL=1
  5 : text=@=@, class=@Operator@, type=@Assign@, line=1, srcF=@""@, srcL=1
  6 : text=@"X Y"@, class=@StringLiteral@, type=@StringLiteral@, line=1, srcF=@""@, srcL=1
  7 : text=@"wibble"@, class=@StringLiteral@, type=@StringLiteral@, line=1, srcF=@""@, srcL=1
  8 : text=@;@, class=@Operator@, type=@SemiColon@, line=1, srcF=@""@, srcL=1
Read 8 lines from file 'test-data/ref/string-3.run.out'
  1 : text=@const@, class=@Keyword@, type=@TConst@, line=1, srcF=@""@, srcL=1
  2 : text=@char@, class=@Keyword@, type=@TChar@, line=1, srcF=@""@, srcL=1
  3 : text=@*@, class=@Operator@, type=@TStar@, line=1, srcF=@""@, srcL=1
  4 : text=@x@, class=@Identifier@, type=@TIdentifier@, line=1, srcF=@""@, srcL=1
  5 : text=@=@, class=@Operator@, type=@TAssign@, line=1, srcF=@""@, srcL=1
  6 : text=@" Invalid TInvalid 1 "@, class=@"@, type=@1@, line=-1, srcF=@@, srcL=-1
  7 : text=@X@, class=@Identifier@, type=@TIdentifier@, line=1, srcF=@""@, srcL=1
  8 : text=@Y@, class=@Identifier@, type=@TIdentifier@, line=1, srcF=@""@, srcL=1
  9 : text=@" Invalid TInvalid 1 "@, class=@"@, type=@1@, line=-1, srcF=@@, srcL=-1
  10 : text=@" Invalid TInvalid 1 "@, class=@"@, type=@1@, line=-1, srcF=@@, srcL=-1
  11 : text=@wibble@, class=@Identifier@, type=@TIdentifier@, line=1, srcF=@""@, srcL=1
  12 : text=@" Invalid TInvalid 1 "@, class=@"@, type=@1@, line=-1, srcF=@@, srcL=-1
  13 : text=@;@, class=@Operator@, type=@TSemicolon@, line=1, srcF=@""@, srcL=1
Read 13 lines from file 'output/rbw14/string-3.run.out'
Reference: 8 lines, Got: 13 lines.
Token 6 : Expected text @"X Y"@
Token 6 : Expected class @StringLiteral@, got @"@
Token 6 : line number is reported as -1
Token 6 : Expected sourceFile @""@@, got @@
Token 6 : Expected sourceLine 1, got -1
Token 7 : Expected text @"wibble"@
Token 7 : Expected class @StringLiteral@, got @Identifier@
Token 7 : Expected token type 1, to match previous token on line 6
Token 8 : Expected text @;@
Token 8 : Expected class @Operator@, got @Identifier@
    User,             Test, Tokens,   Text,  Class,   Type, LineNo, SrcFil, SrcLin
   rbw14,         string-3,      8,   62.5,   62.5,   87.5,   87.5,   87.5,   87.5
