  1 : text=@struct@, class=@Keyword@, type=@Struct@, line=1, srcF=@""@, srcL=1
  2 : text=@x@, class=@Identifier@, type=@Identifier@, line=1, srcF=@""@, srcL=1
  3 : text=@{@, class=@Operator@, type=@CurlyLeft@, line=1, srcF=@""@, srcL=1
  4 : text=@int@, class=@Keyword@, type=@Int@, line=1, srcF=@""@, srcL=1
  5 : text=@x@, class=@Identifier@, type=@Identifier@, line=1, srcF=@""@, srcL=1
  6 : text=@:@, class=@Operator@, type=@Colon@, line=1, srcF=@""@, srcL=1
  7 : text=@10@, class=@Constant@, type=@IntegerConstant@, line=1, srcF=@""@, srcL=1
  8 : text=@;@, class=@Operator@, type=@SemiColon@, line=1, srcF=@""@, srcL=1
  9 : text=@}@, class=@Operator@, type=@CurlyRight@, line=1, srcF=@""@, srcL=1
  10 : text=@;@, class=@Operator@, type=@SemiColon@, line=1, srcF=@""@, srcL=1
Read 10 lines from file 'test-data/ref/struct-2.run.out'
  1 : text=@struct@, class=@Keyword@, type=@TStruct@, line=1, srcF=@""@, srcL=1
  2 : text=@x@, class=@Identifier@, type=@TIdentifier@, line=1, srcF=@""@, srcL=1
  3 : text=@{@, class=@Operator@, type=@TOpenCurlyBrace@, line=1, srcF=@""@, srcL=1
  4 : text=@int@, class=@Keyword@, type=@TInt@, line=1, srcF=@""@, srcL=1
  5 : text=@x@, class=@Identifier@, type=@TIdentifier@, line=1, srcF=@""@, srcL=1
  6 : text=@:@, class=@Operator@, type=@TColon@, line=1, srcF=@""@, srcL=1
  7 : text=@10@, class=@Constant@, type=@TDecInteger@, line=1, srcF=@""@, srcL=1
  8 : text=@;@, class=@Operator@, type=@TSemicolon@, line=1, srcF=@""@, srcL=1
  9 : text=@}@, class=@Operator@, type=@TCloseCurlyBrace@, line=1, srcF=@""@, srcL=1
  10 : text=@;@, class=@Operator@, type=@TSemicolon@, line=1, srcF=@""@, srcL=1
Read 10 lines from file 'output/rbw14/struct-2.run.out'
Reference: 10 lines, Got: 10 lines.
    User,             Test, Tokens,   Text,  Class,   Type, LineNo, SrcFil, SrcLin
   rbw14,         struct-2,     10,  100.0,  100.0,  100.0,  100.0,  100.0,  100.0
